<?xml version="1.0" encoding="UTF-8"?>
<!-- Generated by org.testng.reporters.JUnitReportReporter -->
<testsuite skipped="0" hostname="nb-shaneh-10" name="test.java.test.Example" tests="1" failures="0" timestamp="27 Oct 2017 13:34:30 GMT" time="0.115" errors="0">
  <testcase name="Assignment3" time="0.115" classname="test.java.test.Example"/>
</testsuite> <!-- test.java.test.Example -->
