<?xml version="1.0" encoding="UTF-8"?>
<!-- Generated by org.testng.reporters.JUnitReportReporter -->
<testsuite skipped="0" hostname="nb-shaneh-10" name="test.java.test.Test3" tests="1" failures="0" timestamp="27 Oct 2017 13:51:57 GMT" time="74.415" errors="0">
  <testcase name="Assignment3" time="74.415" classname="test.java.test.Test3"/>
</testsuite> <!-- test.java.test.Test3 -->
